<?xml version="1.0" encoding="UTF-8"?>
<!-- Generated by org.testng.reporters.JUnitReportReporter -->
<testsuite hostname="DESKTOP-SSVA3IU" failures="0" tests="3" name="TestRunner.phpTravels" time="33.721" errors="0" timestamp="3 Jun 2022 18:21:51 GMT">
  <testcase classname="TestRunner.phpTravels" name="signUpTest" time="21.737"/>
  <testcase classname="TestRunner.phpTravels" name="loginTest" time="6.371"/>
  <testcase classname="TestRunner.phpTravels" name="pricingBtnDemo" time="5.613"/>
</testsuite>
